  main.cpp
c:\users\홍순조\desktop\git\winprogramingproject\final project\final project\main.cpp(76): error C2065: 'Teleport': 선언되지 않은 식별자입니다.
c:\users\홍순조\desktop\git\winprogramingproject\final project\final project\main.cpp(76): error C2065: 'IDB_TELEPORT': 선언되지 않은 식별자입니다.
c:\users\홍순조\desktop\git\winprogramingproject\final project\final project\main.cpp(77): error C2065: 'PLAYER_1': 선언되지 않은 식별자입니다.
c:\users\홍순조\desktop\git\winprogramingproject\final project\final project\main.cpp(78): error C2065: 'Tp': 선언되지 않은 식별자입니다.
c:\users\홍순조\desktop\git\winprogramingproject\final project\final project\main.cpp(87): error C2065: 'STAGE2': 선언되지 않은 식별자입니다.
c:\users\홍순조\desktop\git\winprogramingproject\final project\final project\main.cpp(367): error C2065: 'Tp': 선언되지 않은 식별자입니다.
c:\users\홍순조\desktop\git\winprogramingproject\final project\final project\main.cpp(369): error C2065: 'tmp': 선언되지 않은 식별자입니다.
c:\users\홍순조\desktop\git\winprogramingproject\final project\final project\main.cpp(370): error C2065: 'tmp': 선언되지 않은 식별자입니다.
c:\users\홍순조\desktop\git\winprogramingproject\final project\final project\main.cpp(371): error C2065: 'tmp': 선언되지 않은 식별자입니다.
c:\users\홍순조\desktop\git\winprogramingproject\final project\final project\main.cpp(372): error C2065: 'tmp': 선언되지 않은 식별자입니다.
c:\users\홍순조\desktop\git\winprogramingproject\final project\final project\main.cpp(373): error C2065: 'Tp': 선언되지 않은 식별자입니다.
c:\users\홍순조\desktop\git\winprogramingproject\final project\final project\main.cpp(377): error C2065: 'tmp': 선언되지 않은 식별자입니다.
c:\users\홍순조\desktop\git\winprogramingproject\final project\final project\main.cpp(378): error C2065: 'tmp': 선언되지 않은 식별자입니다.
c:\users\홍순조\desktop\git\winprogramingproject\final project\final project\main.cpp(379): error C2065: 'tmp': 선언되지 않은 식별자입니다.
c:\users\홍순조\desktop\git\winprogramingproject\final project\final project\main.cpp(380): error C2065: 'tmp': 선언되지 않은 식별자입니다.
c:\users\홍순조\desktop\git\winprogramingproject\final project\final project\main.cpp(381): error C2065: 'Tp': 선언되지 않은 식별자입니다.
c:\users\홍순조\desktop\git\winprogramingproject\final project\final project\main.cpp(417): error C2065: 'Teleport': 선언되지 않은 식별자입니다.
c:\users\홍순조\desktop\git\winprogramingproject\final project\final project\main.cpp(418): error C2065: 'PLAYER_1': 선언되지 않은 식별자입니다.
c:\users\홍순조\desktop\git\winprogramingproject\final project\final project\main.cpp(399): warning C4996: 'sprintf': This function or variable may be unsafe. Consider using sprintf_s instead. To disable deprecation, use _CRT_SECURE_NO_WARNINGS. See online help for details.
  c:\program files (x86)\windows kits\10\include\10.0.17763.0\ucrt\stdio.h(1774): note: 'sprintf' 선언을 참조하십시오.
